<?xml version="1.0" encoding="UTF-8"?>
<!-- Generated by org.testng.reporters.JUnitXMLReporter -->
<testsuite ignored="0" hostname="Suksha-Roshan" failures="0" tests="4" name="Default test" time="16.785" errors="0" timestamp="2024-02-17T13:46:06 IST">
  <testcase classname="api.test.PetTestCases" name="testPostPet" time="11.197"/>
  <testcase classname="api.test.PetTestCases" name="testGetPetById" time="0.897"/>
  <testcase classname="api.test.PetTestCases" name="testUpdatePetByName" time="2.13"/>
  <testcase classname="api.test.PetTestCases" name="testDeletePetById" time="1.806"/>
</testsuite> <!-- Default test -->
