<?xml version="1.0" encoding="UTF-8"?>
<!-- Generated by org.testng.reporters.JUnitXMLReporter -->
<testsuite ignored="0" hostname="Suksha-Roshan" failures="0" tests="4" name="Default test" time="13.691" errors="0" timestamp="2024-02-17T00:18:15 IST">
  <testcase classname="api.test.PetTestCases" name="testPostPet" time="8.63"/>
  <testcase classname="api.test.PetTestCases" name="testGetPetById" time="0.895"/>
  <testcase classname="api.test.PetTestCases" name="testUpdatePetByName" time="0.894"/>
  <testcase classname="api.test.PetTestCases" name="testDeletePetById" time="2.993"/>
</testsuite> <!-- Default test -->
