<?xml version="1.0" encoding="UTF-8"?>
<testng-results ignored="0" total="4" passed="4" failed="0" skipped="0">
  <reporter-output>
  </reporter-output>
  <suite started-at="2024-02-19T09:59:22 IST" name="PetSuite" finished-at="2024-02-19T09:59:38 IST" duration-ms="16633">
    <groups>
    </groups>
    <test started-at="2024-02-19T09:59:22 IST" name="PetTest" finished-at="2024-02-19T09:59:38 IST" duration-ms="16633">
      <class name="api.test.PetTestCases">
        <test-method is-config="true" signature="setup()[pri:0, instance:api.test.PetTestCases@6fd83fc1]" started-at="2024-02-19T09:59:22 IST" name="setup" finished-at="2024-02-19T09:59:32 IST" duration-ms="9491" status="PASS">
          <reporter-output>
          </reporter-output>
        </test-method> <!-- setup -->
        <test-method signature="testPostPet()[pri:1, instance:api.test.PetTestCases@6fd83fc1]" started-at="2024-02-19T09:59:32 IST" name="testPostPet" finished-at="2024-02-19T09:59:33 IST" duration-ms="1773" status="PASS">
          <reporter-output>
          </reporter-output>
        </test-method> <!-- testPostPet -->
        <test-method signature="testGetPetById()[pri:2, instance:api.test.PetTestCases@6fd83fc1]" started-at="2024-02-19T09:59:33 IST" name="testGetPetById" finished-at="2024-02-19T09:59:34 IST" duration-ms="1034" status="PASS">
          <reporter-output>
          </reporter-output>
        </test-method> <!-- testGetPetById -->
        <test-method signature="testUpdatePetByName()[pri:3, instance:api.test.PetTestCases@6fd83fc1]" started-at="2024-02-19T09:59:34 IST" name="testUpdatePetByName" finished-at="2024-02-19T09:59:36 IST" duration-ms="1744" status="PASS">
          <reporter-output>
          </reporter-output>
        </test-method> <!-- testUpdatePetByName -->
        <test-method signature="testDeletePetById()[pri:4, instance:api.test.PetTestCases@6fd83fc1]" started-at="2024-02-19T09:59:36 IST" name="testDeletePetById" finished-at="2024-02-19T09:59:38 IST" duration-ms="2247" status="PASS">
          <reporter-output>
          </reporter-output>
        </test-method> <!-- testDeletePetById -->
        <test-method is-config="true" signature="tearDown()[pri:0, instance:api.test.PetTestCases@6fd83fc1]" started-at="2024-02-19T09:59:38 IST" name="tearDown" finished-at="2024-02-19T09:59:38 IST" duration-ms="45" status="PASS">
          <reporter-output>
          </reporter-output>
        </test-method> <!-- tearDown -->
      </class> <!-- api.test.PetTestCases -->
    </test> <!-- PetTest -->
  </suite> <!-- PetSuite -->
</testng-results>
