<?xml version="1.0" encoding="UTF-8"?>
<testsuite xmlns:xsi="http://www.w3.org/2001/XMLSchema-instance" xsi:noNamespaceSchemaLocation="https://maven.apache.org/surefire/maven-surefire-plugin/xsd/surefire-test-report-3.0.xsd" version="3.0" name="TestSuite" time="18.299" tests="4" errors="0" skipped="0" failures="0">
  <properties>
[...]
</properties>
  <testcase name="testPostPet" classname="api.test.PetTestCases" time="1.787">
    <system-out><![CDATA[2024-02-19 09:59:32 [main] INFO  PetTestCases:18 - ************************Creating a pet*********************************
POST response status is : 200
POST response body is : {"id":749486981,"category":{"id":369901249,"name":"Korean Bobtail"},"name":"mammoth","photoUrls":["www.benton-legros.org"],"tags":[{"id":369901249,"name":"Misty"}],"status":"Available"}
Id of a pet animal is :749486981
2024-02-19 09:59:33 [main] INFO  PetTestCases:35 - ************************A pet is created*********************************
]]></system-out>
    <system-err><![CDATA[SLF4J: Failed to load class "org.slf4j.impl.StaticLoggerBinder".
SLF4J: Defaulting to no-operation (NOP) logger implementation
SLF4J: See http://www.slf4j.org/codes.html#StaticLoggerBinder for further details.
]]></system-err>
  </testcase>
  <testcase name="testGetPetById" classname="api.test.PetTestCases" time="1.037">
    <system-out><![CDATA[2024-02-19 09:59:33 [main] INFO  PetTestCases:41 - ************************Retrieving pet info*********************************
GET response status is : 200
GET response body is : {"id":749486981,"category":{"id":369901249,"name":"Korean Bobtail"},"name":"mammoth","photoUrls":["www.benton-legros.org"],"tags":[{"id":369901249,"name":"Misty"}],"status":"Available"}
2024-02-19 09:59:34 [main] INFO  PetTestCases:48 - ************************Pet info is retrieved*********************************
]]></system-out>
  </testcase>
  <testcase name="testUpdatePetByName" classname="api.test.PetTestCases" time="1.745">
    <system-out><![CDATA[2024-02-19 09:59:34 [main] INFO  PetTestCases:54 - ************************Updating a pet*********************************
PUT response status is : 200
PUT response body is : {"id":749486981,"category":{"id":369901249,"name":"Korean Bobtail"},"name":"Kitty","photoUrls":["www.benton-legros.org"],"tags":[{"id":369901249,"name":"Misty"}],"status":"Available"}
2024-02-19 09:59:36 [main] INFO  PetTestCases:63 - ************************Pet is updated*********************************
]]></system-out>
  </testcase>
  <testcase name="testDeletePetById" classname="api.test.PetTestCases" time="2.248">
    <system-out><![CDATA[2024-02-19 09:59:36 [main] INFO  PetTestCases:68 - ************************Deleting pet*********************************
Delete response status is : 200
Delete response body is : Pet deleted
2024-02-19 09:59:37 [main] INFO  PetTestCases:76 - ************************Pet is deleted*********************************
2024-02-19 09:59:37 [main] INFO  PetTestCases:78 - ************************Retrieving deleted pet*********************************
GET response body is : Pet not found
2024-02-19 09:59:38 [main] INFO  PetTestCases:82 - ************************Pet info not found, pet deleted successfully*********************************
]]></system-out>
  </testcase>
</testsuite>