<?xml version="1.0" encoding="UTF-8"?>
<testng-results ignored="0" total="4" passed="4" failed="0" skipped="0">
  <reporter-output>
  </reporter-output>
  <suite started-at="2024-02-17T11:40:26 IST" name="PetSuite" finished-at="2024-02-17T11:40:37 IST" duration-ms="11294">
    <groups>
    </groups>
    <test started-at="2024-02-17T11:40:26 IST" name="PetTest" finished-at="2024-02-17T11:40:37 IST" duration-ms="11294">
      <class name="api.test.PetTestCases">
        <test-method is-config="true" signature="setup()[pri:0, instance:api.test.PetTestCases@3911c2a7]" started-at="2024-02-17T11:40:26 IST" name="setup" finished-at="2024-02-17T11:40:27 IST" duration-ms="698" status="PASS">
          <reporter-output>
          </reporter-output>
        </test-method> <!-- setup -->
        <test-method signature="testPostPet()[pri:1, instance:api.test.PetTestCases@3911c2a7]" started-at="2024-02-17T11:40:27 IST" name="testPostPet" finished-at="2024-02-17T11:40:33 IST" duration-ms="6739" status="PASS">
          <reporter-output>
          </reporter-output>
        </test-method> <!-- testPostPet -->
        <test-method signature="testGetPetById()[pri:2, instance:api.test.PetTestCases@3911c2a7]" started-at="2024-02-17T11:40:33 IST" name="testGetPetById" finished-at="2024-02-17T11:40:34 IST" duration-ms="892" status="PASS">
          <reporter-output>
          </reporter-output>
        </test-method> <!-- testGetPetById -->
        <test-method signature="testUpdatePetByName()[pri:3, instance:api.test.PetTestCases@3911c2a7]" started-at="2024-02-17T11:40:34 IST" name="testUpdatePetByName" finished-at="2024-02-17T11:40:35 IST" duration-ms="891" status="PASS">
          <reporter-output>
          </reporter-output>
        </test-method> <!-- testUpdatePetByName -->
        <test-method signature="testDeletePetById()[pri:4, instance:api.test.PetTestCases@3911c2a7]" started-at="2024-02-17T11:40:35 IST" name="testDeletePetById" finished-at="2024-02-17T11:40:37 IST" duration-ms="1842" status="PASS">
          <reporter-output>
          </reporter-output>
        </test-method> <!-- testDeletePetById -->
      </class> <!-- api.test.PetTestCases -->
    </test> <!-- PetTest -->
  </suite> <!-- PetSuite -->
</testng-results>
