<?xml version="1.0" encoding="UTF-8"?>
<testsuite xmlns:xsi="http://www.w3.org/2001/XMLSchema-instance" xsi:noNamespaceSchemaLocation="https://maven.apache.org/surefire/maven-surefire-plugin/xsd/surefire-test-report-3.0.xsd" version="3.0" name="TestSuite" time="12.05" tests="4" errors="0" skipped="0" failures="0">
  <properties>
[...]
</properties>
  <testcase name="testPostPet" classname="api.test.PetTestCases" time="6.749">
    <system-out><![CDATA[2024-02-17 11:40:27 [main] INFO  PetTestCases:63 - ************************Creating a pet*********************************
POST response status is : 200
POST response body is : {"id":1270836494,"category":{"id":1971783162,"name":"American Bobtail"},"name":"butterfly","photoUrls":["www.jan-crist.co"],"tags":[{"id":1971783162,"name":"Milo"}],"status":"Available"}
Id of a pet animal is :1270836494
2024-02-17 11:40:33 [main] INFO  PetTestCases:80 - ************************A pet is created*********************************
]]></system-out>
    <system-err><![CDATA[SLF4J: Failed to load class "org.slf4j.impl.StaticLoggerBinder".
SLF4J: Defaulting to no-operation (NOP) logger implementation
SLF4J: See http://www.slf4j.org/codes.html#StaticLoggerBinder for further details.
]]></system-err>
  </testcase>
  <testcase name="testGetPetById" classname="api.test.PetTestCases" time="0.893">
    <system-out><![CDATA[2024-02-17 11:40:33 [main] INFO  PetTestCases:86 - ************************Retrieving pet info*********************************
GET response status is : 200
GET response body is : {"id":1270836494,"category":{"id":1971783162,"name":"American Bobtail"},"name":"butterfly","photoUrls":["www.jan-crist.co"],"tags":[{"id":1971783162,"name":"Milo"}],"status":"Available"}
2024-02-17 11:40:34 [main] INFO  PetTestCases:93 - ************************Pet info is retrieved*********************************
]]></system-out>
  </testcase>
  <testcase name="testUpdatePetByName" classname="api.test.PetTestCases" time="0.894">
    <system-out><![CDATA[2024-02-17 11:40:34 [main] INFO  PetTestCases:99 - ************************Updating a pet*********************************
PUT response status is : 200
PUT response body is : {"id":1270836494,"category":{"id":1971783162,"name":"American Bobtail"},"name":"Kitty","photoUrls":["www.jan-crist.co"],"tags":[{"id":1971783162,"name":"Milo"}],"status":"Available"}
2024-02-17 11:40:35 [main] INFO  PetTestCases:108 - ************************Pet is updated*********************************
]]></system-out>
  </testcase>
  <testcase name="testDeletePetById" classname="api.test.PetTestCases" time="1.845">
    <system-out><![CDATA[2024-02-17 11:40:35 [main] INFO  PetTestCases:113 - ************************Deleting pet*********************************
Delete response status is : 200
Delete response body is : Pet deleted
2024-02-17 11:40:36 [main] INFO  PetTestCases:121 - ************************Pet is deleted*********************************
2024-02-17 11:40:36 [main] INFO  PetTestCases:123 - ************************Retrieving deleted pet*********************************
GET response body is : Pet not found
2024-02-17 11:40:37 [main] INFO  PetTestCases:127 - ************************Pet info not found, pet deleted successfully*********************************
]]></system-out>
  </testcase>
</testsuite>