<?xml version="1.0" encoding="UTF-8"?>
<testng-results ignored="0" total="4" passed="4" failed="0" skipped="0">
  <reporter-output>
  </reporter-output>
  <suite started-at="2024-02-19T09:39:10 IST" name="PetSuite" finished-at="2024-02-19T09:39:30 IST" duration-ms="19463">
    <groups>
    </groups>
    <test started-at="2024-02-19T09:39:10 IST" name="PetTest" finished-at="2024-02-19T09:39:30 IST" duration-ms="19463">
      <class name="api.test.PetTestCases">
        <test-method is-config="true" signature="setup()[pri:0, instance:api.test.PetTestCases@7db12bb6]" started-at="2024-02-19T09:39:11 IST" name="setup" finished-at="2024-02-19T09:39:20 IST" duration-ms="9622" status="PASS">
          <reporter-output>
          </reporter-output>
        </test-method> <!-- setup -->
        <test-method signature="testPostPet()[pri:1, instance:api.test.PetTestCases@7db12bb6]" started-at="2024-02-19T09:39:20 IST" name="testPostPet" finished-at="2024-02-19T09:39:22 IST" duration-ms="1728" status="PASS">
          <reporter-output>
          </reporter-output>
        </test-method> <!-- testPostPet -->
        <test-method signature="testGetPetById()[pri:2, instance:api.test.PetTestCases@7db12bb6]" started-at="2024-02-19T09:39:22 IST" name="testGetPetById" finished-at="2024-02-19T09:39:26 IST" duration-ms="4217" status="PASS">
          <reporter-output>
          </reporter-output>
        </test-method> <!-- testGetPetById -->
        <test-method signature="testUpdatePetByName()[pri:3, instance:api.test.PetTestCases@7db12bb6]" started-at="2024-02-19T09:39:26 IST" name="testUpdatePetByName" finished-at="2024-02-19T09:39:27 IST" duration-ms="1220" status="PASS">
          <reporter-output>
          </reporter-output>
        </test-method> <!-- testUpdatePetByName -->
        <test-method signature="testDeletePetById()[pri:4, instance:api.test.PetTestCases@7db12bb6]" started-at="2024-02-19T09:39:27 IST" name="testDeletePetById" finished-at="2024-02-19T09:39:30 IST" duration-ms="2279" status="PASS">
          <reporter-output>
          </reporter-output>
        </test-method> <!-- testDeletePetById -->
      </class> <!-- api.test.PetTestCases -->
    </test> <!-- PetTest -->
  </suite> <!-- PetSuite -->
</testng-results>
