<?xml version="1.0" encoding="UTF-8"?>
<testng-results ignored="0" total="4" passed="4" failed="0" skipped="0">
  <reporter-output>
  </reporter-output>
  <suite started-at="2024-02-17T02:13:30 IST" name="PetSuite" finished-at="2024-02-17T02:13:43 IST" duration-ms="12645">
    <groups>
    </groups>
    <test started-at="2024-02-17T02:13:30 IST" name="PetTest" finished-at="2024-02-17T02:13:43 IST" duration-ms="12645">
      <class name="api.test.PetTestCases">
        <test-method is-config="true" signature="setup()[pri:0, instance:api.test.PetTestCases@52b1beb6]" started-at="2024-02-17T02:13:30 IST" name="setup" finished-at="2024-02-17T02:13:31 IST" duration-ms="661" status="PASS">
          <reporter-output>
          </reporter-output>
        </test-method> <!-- setup -->
        <test-method signature="testPostPet()[pri:1, instance:api.test.PetTestCases@52b1beb6]" started-at="2024-02-17T02:13:31 IST" name="testPostPet" finished-at="2024-02-17T02:13:39 IST" duration-ms="8145" status="PASS">
          <reporter-output>
          </reporter-output>
        </test-method> <!-- testPostPet -->
        <test-method signature="testGetPetById()[pri:2, instance:api.test.PetTestCases@52b1beb6]" started-at="2024-02-17T02:13:39 IST" name="testGetPetById" finished-at="2024-02-17T02:13:40 IST" duration-ms="881" status="PASS">
          <reporter-output>
          </reporter-output>
        </test-method> <!-- testGetPetById -->
        <test-method signature="testUpdatePetByName()[pri:3, instance:api.test.PetTestCases@52b1beb6]" started-at="2024-02-17T02:13:40 IST" name="testUpdatePetByName" finished-at="2024-02-17T02:13:41 IST" duration-ms="892" status="PASS">
          <reporter-output>
          </reporter-output>
        </test-method> <!-- testUpdatePetByName -->
        <test-method signature="testDeletePetById()[pri:4, instance:api.test.PetTestCases@52b1beb6]" started-at="2024-02-17T02:13:41 IST" name="testDeletePetById" finished-at="2024-02-17T02:13:43 IST" duration-ms="1758" status="PASS">
          <reporter-output>
          </reporter-output>
        </test-method> <!-- testDeletePetById -->
      </class> <!-- api.test.PetTestCases -->
    </test> <!-- PetTest -->
  </suite> <!-- PetSuite -->
</testng-results>
