<?xml version="1.0" encoding="UTF-8"?>
<!-- Generated by org.testng.reporters.JUnitXMLReporter -->
<testsuite ignored="0" hostname="Suksha-Roshan" failures="0" tests="4" name="PetTest" time="16.633" errors="0" timestamp="2024-02-19T09:59:39 IST">
  <testcase classname="api.test.PetTestCases" name="testPostPet" time="1.773"/>
  <testcase classname="api.test.PetTestCases" name="testGetPetById" time="1.034"/>
  <testcase classname="api.test.PetTestCases" name="testUpdatePetByName" time="1.744"/>
  <testcase classname="api.test.PetTestCases" name="testDeletePetById" time="2.247"/>
</testsuite> <!-- PetTest -->
