<?xml version="1.0" encoding="UTF-8"?>
<!-- Generated by org.testng.reporters.JUnitXMLReporter -->
<testsuite ignored="0" hostname="Suksha-Roshan" failures="0" tests="4" name="PetTest" time="11.294" errors="0" timestamp="2024-02-17T11:40:37 IST">
  <testcase classname="api.test.PetTestCases" name="testPostPet" time="6.739"/>
  <testcase classname="api.test.PetTestCases" name="testGetPetById" time="0.892"/>
  <testcase classname="api.test.PetTestCases" name="testUpdatePetByName" time="0.891"/>
  <testcase classname="api.test.PetTestCases" name="testDeletePetById" time="1.842"/>
</testsuite> <!-- PetTest -->
