<?xml version="1.0" encoding="UTF-8"?>
<!-- Generated by org.testng.reporters.JUnitXMLReporter -->
<testsuite ignored="0" hostname="Suksha-Roshan" failures="0" tests="4" name="PetTest" time="19.463" errors="0" timestamp="2024-02-19T09:39:30 IST">
  <testcase classname="api.test.PetTestCases" name="testPostPet" time="1.728"/>
  <testcase classname="api.test.PetTestCases" name="testGetPetById" time="4.217"/>
  <testcase classname="api.test.PetTestCases" name="testUpdatePetByName" time="1.22"/>
  <testcase classname="api.test.PetTestCases" name="testDeletePetById" time="2.279"/>
</testsuite> <!-- PetTest -->
